f:\direct3d\engineprototype\x64\debug\engineprototype.pch
f:\direct3d\engineprototype\x64\debug\vc141.pdb
f:\direct3d\engineprototype\x64\debug\vc141.idb
f:\direct3d\engineprototype\x64\debug\pch.obj
f:\direct3d\engineprototype\x64\debug\main.obj
f:\direct3d\engineprototype\x64\debug\game.obj
f:\direct3d\engineprototype\x64\debug\texture.obj
f:\direct3d\engineprototype\x64\debug\shader.obj
f:\direct3d\engineprototype\x64\debug\model.obj
f:\direct3d\engineprototype\x64\debug\graphics.obj
f:\direct3d\engineprototype\x64\debug\d3d.obj
f:\direct3d\engineprototype\x64\debug\camera.obj
f:\direct3d\x64\debug\engineprototype.lib
f:\direct3d\x64\debug\engineprototype.exp
f:\direct3d\x64\debug\basepixel.cso
f:\direct3d\x64\debug\basevertex.cso
f:\direct3d\x64\debug\basevertextexture.cso
f:\direct3d\x64\debug\basepixeltexture.cso
f:\direct3d\x64\debug\engineprototype.exe
f:\direct3d\x64\debug\engineprototype.ilk
f:\direct3d\x64\debug\engineprototype.pdb
f:\direct3d\engineprototype\x64\debug\resource.res
f:\direct3d\engineprototype\x64\debug\engineprototype.exe.embed.manifest.res
f:\direct3d\engineprototype\x64\debug\engineprototype.exe.embed.manifest
f:\direct3d\engineprototype\x64\debug\engineprototype_manifest.rc
f:\direct3d\engineprototype\x64\debug\engineprototype.tlog\cl.command.1.tlog
f:\direct3d\engineprototype\x64\debug\engineprototype.tlog\cl.read.1.tlog
f:\direct3d\engineprototype\x64\debug\engineprototype.tlog\cl.write.1.tlog
f:\direct3d\engineprototype\x64\debug\engineprototype.tlog\engineprototype.write.1u.tlog
f:\direct3d\engineprototype\x64\debug\engineprototype.tlog\fxc.command.1.tlog
f:\direct3d\engineprototype\x64\debug\engineprototype.tlog\fxc.read.1.tlog
f:\direct3d\engineprototype\x64\debug\engineprototype.tlog\fxc.write.1.tlog
f:\direct3d\engineprototype\x64\debug\engineprototype.tlog\link.command.1.tlog
f:\direct3d\engineprototype\x64\debug\engineprototype.tlog\link.read.1.tlog
f:\direct3d\engineprototype\x64\debug\engineprototype.tlog\link.write.1.tlog
f:\direct3d\engineprototype\x64\debug\engineprototype.tlog\rc.command.1.tlog
f:\direct3d\engineprototype\x64\debug\engineprototype.tlog\rc.read.1.tlog
f:\direct3d\engineprototype\x64\debug\engineprototype.tlog\rc.write.1.tlog
