  compilation object save succeeded; see F:\Direct3D\x64\Debug\BasePixel.cso
  compilation object save succeeded; see F:\Direct3D\x64\Debug\BasePixelTexture.cso
  compilation object save succeeded; see F:\Direct3D\x64\Debug\BaseVertex.cso
  compilation object save succeeded; see F:\Direct3D\x64\Debug\BaseVertexTexture.cso
  pch.cpp
  Camera.cpp
  D3D.cpp
f:\direct3d\engineprototype\engine\d3d.cpp(146): warning C4189: 'depthBufferFormat': local variable is initialized but not referenced
f:\direct3d\engineprototype\engine\d3d.cpp(222): warning C4100: 'device': unreferenced formal parameter
f:\direct3d\engineprototype\engine\d3d.cpp(246): warning C4100: 'device': unreferenced formal parameter
f:\direct3d\engineprototype\engine\d3d.cpp(281): warning C4100: 'device': unreferenced formal parameter
  Graphics.cpp
  Input.cpp
f:\direct3d\engineprototype\engine\input.cpp(30): warning C4189: 'pitch': local variable is initialized but not referenced
  Model.cpp
  Shader.cpp
f:\direct3d\engineprototype\engine\shader.cpp(23): warning C4100: 'hwnd': unreferenced formal parameter
f:\direct3d\engineprototype\engine\shader.cpp(251): warning C4267: '=': conversion from 'size_t' to 'int', possible loss of data
  Shape.cpp
  Texture.cpp
  Game.cpp
f:\direct3d\engineprototype\game.cpp(90): warning C4189: 'time': local variable is initialized but not referenced
  Chunk.cpp
  ChunkTerrain.cpp
f:\direct3d\engineprototype\game\chunkterrain.cpp(16): warning C4244: 'argument': conversion from 'int' to 'float', possible loss of data
  Main.cpp
  Generating Code...
     Creating library F:\Direct3D\x64\Debug\EnginePrototype.lib and object F:\Direct3D\x64\Debug\EnginePrototype.exp
  EnginePrototype.vcxproj -> F:\Direct3D\x64\Debug\EnginePrototype.exe
